Environment at start of build:
ALLUSERSPROFILE = C:\ProgramData
APPDATA = C:\Users\Josh School\AppData\Roaming
CommonProgramFiles = C:\Program Files (x86)\Common Files
CommonProgramFiles(x86) = C:\Program Files (x86)\Common Files
CommonProgramW6432 = C:\Program Files\Common Files
COMPUTERNAME = SDF-1
ComSpec = C:\WINDOWS\system32\cmd.exe
DriverData = C:\Windows\System32\Drivers\DriverData
FPS_BROWSER_APP_PROFILE_STRING = Internet Explorer
FPS_BROWSER_USER_PROFILE_STRING = Default
HOMEDRIVE = C:
HOMEPATH = \Users\Josh School
LOCALAPPDATA = C:\Users\Josh School\AppData\Local
LOGONSERVER = \\SDF-1
MSBuildLoadMicrosoftTargetsReadOnly = true
NUMBER_OF_PROCESSORS = 16
OneDrive = C:\Users\Josh School\OneDrive - Western Governors University
OneDriveCommercial = C:\Users\Josh School\OneDrive - Western Governors University
OS = Windows_NT
Path = E:\Program Files\Python38\Scripts\;E:\Program Files\Python38\;E:\Program Files\Python38-32\Scripts\;E:\Program Files\Python38-32\;C:\Windows\system32;C:\Windows;C:\Windows\System32\Wbem;C:\Windows\System32\WindowsPowerShell\v1.0\;C:\Windows\System32\OpenSSH\;C:\Program Files (x86)\NVIDIA Corporation\PhysX\Common;C:\Program Files\NVIDIA Corporation\NVIDIA NvDLISR;C:\Program Files\Microsoft SQL Server\130\Tools\Binn\;C:\Program Files\Microsoft SQL Server\Client SDK\ODBC\170\Tools\Binn\;C:\WINDOWS\system32;C:\WINDOWS;C:\WINDOWS\System32\Wbem;C:\WINDOWS\System32\WindowsPowerShell\v1.0\;C:\WINDOWS\System32\OpenSSH\;E:\Program Files\Calibre2\;C:\Program Files\Microsoft SQL Server\Client SDK\ODBC\110\Tools\Binn\;C:\Program Files (x86)\Microsoft SQL Server\120\Tools\Binn\;C:\Program Files\Microsoft SQL Server\120\Tools\Binn\;C:\Program Files\Microsoft SQL Server\120\DTS\Binn\;C:\Program Files (x86)\Windows Kits\8.1\Windows Performance Toolkit\;C:\Program Files\dotnet\;C:\Users\Josh School\AppData\Local\Microsoft\WindowsApps;C:\Users\Josh School\AppData\Local\GitHubDesktop\bin
PATHEXT = .COM;.EXE;.BAT;.CMD;.VBS;.VBE;.JS;.JSE;.WSF;.WSH;.MSC;.PY;.PYW
PkgDefApplicationConfigFile = C:\Users\Josh School\AppData\Local\Microsoft\VisualStudio\16.0_00c22eab\devenv.exe.config
PROCESSOR_ARCHITECTURE = x86
PROCESSOR_ARCHITEW6432 = AMD64
PROCESSOR_IDENTIFIER = AMD64 Family 23 Model 113 Stepping 0, AuthenticAMD
PROCESSOR_LEVEL = 23
PROCESSOR_REVISION = 7100
ProgramData = C:\ProgramData
ProgramFiles = C:\Program Files (x86)
ProgramFiles(x86) = C:\Program Files (x86)
ProgramW6432 = C:\Program Files
PSModulePath = C:\Program Files\WindowsPowerShell\Modules;C:\WINDOWS\system32\WindowsPowerShell\v1.0\Modules;C:\Program Files\Intel\Wired Networking\;C:\Program Files (x86)\Microsoft SQL Server\120\Tools\PowerShell\Modules\
PUBLIC = C:\Users\Public
ServiceHubLogSessionKey = 00402DB9
SESSIONNAME = Console
SW_SIM_HYDRA = C:\Program Files\Common Files\SolidWorks Shared\Simulation Worker Agent\
SW_SIM_MPIT = INTELMPI
SW_SIM_TEMP = C:\ProgramData\SOLIDWORKS\SW_net_sim_temp\
SystemDrive = C:
SystemRoot = C:\WINDOWS
TEMP = C:\Users\JOSHSC~1\AppData\Local\Temp
ThreadedWaitDialogDpiContext = -4
TMP = C:\Users\JOSHSC~1\AppData\Local\Temp
USERDOMAIN = SDF-1
USERDOMAIN_ROAMINGPROFILE = SDF-1
USERNAME = Josh School
USERPROFILE = C:\Users\Josh School
VBOX_MSI_INSTALL_PATH = C:\Program Files\Oracle\VirtualBox\
VisualStudioDir = C:\Users\Josh School\Documents\Visual Studio 2019
VisualStudioEdition = Microsoft Visual Studio Community 2019
VisualStudioVersion = 16.0
VSAPPIDDIR = C:\Program Files (x86)\Microsoft Visual Studio\2019\Community\Common7\IDE\
VSAPPIDNAME = devenv.exe
VSLANG = 1033
VSSKUEDITION = Community
windir = C:\WINDOWS

  roster.cpp
E:\Programming\Repos\c++ dev course\CPP_progs\C867_assessment\roster.cpp(60,11): error C2352: 'Student::print': illegal call of non-static member function
E:\Programming\Repos\c++ dev course\CPP_progs\C867_assessment\student.h(45): message : see declaration of 'Student::print'
  student.cpp
  Generating Code...
